2025-07-01T18:12:12.722+05:30  INFO 72 --- [main] c.m.students.StudentsApplicationTests    : Starting StudentsApplicationTests using Java 17.0.7 with PID 72 (started by ELCOT in D:\SpringProjects\students)
2025-07-01T18:12:12.744+05:30 DEBUG 72 --- [main] c.m.students.StudentsApplicationTests    : Running with Spring Boot v3.4.5, Spring v6.2.6
2025-07-01T18:12:12.749+05:30  INFO 72 --- [main] c.m.students.StudentsApplicationTests    : No active profile set, falling back to 1 default profile: "default"
2025-07-01T18:12:30.473+05:30  INFO 72 --- [main] .s.d.r.c.RepositoryConfigurationDelegate : Bootstrapping Spring Data JPA repositories in DEFAULT mode.
2025-07-01T18:12:30.978+05:30  INFO 72 --- [main] .s.d.r.c.RepositoryConfigurationDelegate : Finished Spring Data repository scanning in 438 ms. Found 9 JPA repository interfaces.
2025-07-01T18:12:37.913+05:30  INFO 72 --- [main] o.hibernate.jpa.internal.util.LogHelper  : HHH000204: Processing PersistenceUnitInfo [name: default]
2025-07-01T18:12:39.722+05:30  INFO 72 --- [main] org.hibernate.Version                    : HHH000412: Hibernate ORM core version 6.6.13.Final
2025-07-01T18:12:40.759+05:30  INFO 72 --- [main] o.h.c.internal.RegionFactoryInitiator    : HHH000026: Second-level cache disabled
2025-07-01T18:12:44.680+05:30  INFO 72 --- [main] o.s.o.j.p.SpringPersistenceUnitInfo      : No LoadTimeWeaver setup: ignoring JPA class transformer
2025-07-01T18:12:44.965+05:30  INFO 72 --- [main] com.zaxxer.hikari.HikariDataSource       : HikariPool-1 - Starting...
2025-07-01T18:13:18.452+05:30  INFO 72 --- [main] com.zaxxer.hikari.pool.HikariPool        : HikariPool-1 - Added connection com.mysql.cj.jdbc.ConnectionImpl@1c0cf193
2025-07-01T18:13:18.474+05:30  INFO 72 --- [main] com.zaxxer.hikari.HikariDataSource       : HikariPool-1 - Start completed.
2025-07-01T18:13:23.466+05:30  WARN 72 --- [main] org.hibernate.orm.deprecation            : HHH90000025: MySQLDialect does not need to be specified explicitly using 'hibernate.dialect' (remove the property setting and it will be selected by default)
2025-07-01T18:13:23.933+05:30  INFO 72 --- [main] org.hibernate.orm.connections.pooling    : HHH10001005: Database info:
	Database JDBC URL [Connecting through datasource 'HikariDataSource (HikariPool-1)']
	Database driver: undefined/unknown
	Database version: 8.0.42
	Autocommit mode: undefined/unknown
	Isolation level: undefined/unknown
	Minimum pool size: undefined/unknown
	Maximum pool size: undefined/unknown
2025-07-01T18:13:33.543+05:30  INFO 72 --- [main] o.h.e.t.j.p.i.JtaPlatformInitiator       : HHH000489: No JTA platform available (set 'hibernate.transaction.jta.platform' to enable JTA platform integration)
2025-07-01T18:13:37.898+05:30  INFO 72 --- [main] j.LocalContainerEntityManagerFactoryBean : Initialized JPA EntityManagerFactory for persistence unit 'default'
2025-07-01T18:13:40.252+05:30  INFO 72 --- [main] eAuthenticationProviderManagerConfigurer : Global AuthenticationManager configured with AuthenticationProvider bean with name authenticationProvider
2025-07-01T18:13:40.253+05:30  WARN 72 --- [main] r$InitializeUserDetailsManagerConfigurer : Global AuthenticationManager configured with an AuthenticationProvider bean. UserDetailsService beans will not be used by Spring Security for automatically configuring username/password login. Consider removing the AuthenticationProvider bean. Alternatively, consider using the UserDetailsService in a manually instantiated DaoAuthenticationProvider. If the current configuration is intentional, to turn off this warning, increase the logging level of 'org.springframework.security.config.annotation.authentication.configuration.InitializeUserDetailsBeanManagerConfigurer' to ERROR
2025-07-01T18:13:42.803+05:30  WARN 72 --- [main] JpaBaseConfiguration$JpaWebConfiguration : spring.jpa.open-in-view is enabled by default. Therefore, database queries may be performed during view rendering. Explicitly configure spring.jpa.open-in-view to disable this warning
2025-07-01T18:13:48.432+05:30  INFO 72 --- [main] c.m.students.StudentsApplicationTests    : Started StudentsApplicationTests in 97.861 seconds (process running for 106.351)
2025-07-01T18:13:55.393+05:30  INFO 72 --- [main] t.c.s.AnnotationConfigContextLoaderUtils : Could not detect default configuration classes for test class [com.management.students.TestService.StudentsServiceTest]: StudentsServiceTest does not declare any static, non-private, non-final, nested classes annotated with @Configuration.
2025-07-01T18:13:55.748+05:30  INFO 72 --- [main] .b.t.c.SpringBootTestContextBootstrapper : Found @SpringBootConfiguration com.management.students.StudentsApplication for test class com.management.students.TestService.StudentsServiceTest
2025-07-01T18:13:55.766+05:30  INFO 72 --- [main] o.s.b.d.r.RestartApplicationListener     : Restart disabled due to context in which it is running
2025-07-01T18:13:55.875+05:30  INFO 72 --- [main] c.m.s.TestService.StudentsServiceTest    : Starting StudentsServiceTest using Java 17.0.7 with PID 72 (started by ELCOT in D:\SpringProjects\students)
2025-07-01T18:13:55.889+05:30 DEBUG 72 --- [main] c.m.s.TestService.StudentsServiceTest    : Running with Spring Boot v3.4.5, Spring v6.2.6
2025-07-01T18:13:55.890+05:30  INFO 72 --- [main] c.m.s.TestService.StudentsServiceTest    : No active profile set, falling back to 1 default profile: "default"
2025-07-01T18:14:00.423+05:30  INFO 72 --- [main] .s.d.r.c.RepositoryConfigurationDelegate : Bootstrapping Spring Data JPA repositories in DEFAULT mode.
2025-07-01T18:14:00.561+05:30  INFO 72 --- [main] .s.d.r.c.RepositoryConfigurationDelegate : Finished Spring Data repository scanning in 129 ms. Found 9 JPA repository interfaces.
2025-07-01T18:14:03.288+05:30  INFO 72 --- [main] o.hibernate.jpa.internal.util.LogHelper  : HHH000204: Processing PersistenceUnitInfo [name: default]
2025-07-01T18:14:03.315+05:30  INFO 72 --- [main] o.h.c.internal.RegionFactoryInitiator    : HHH000026: Second-level cache disabled
2025-07-01T18:14:03.485+05:30  INFO 72 --- [main] o.s.o.j.p.SpringPersistenceUnitInfo      : No LoadTimeWeaver setup: ignoring JPA class transformer
2025-07-01T18:14:03.494+05:30  INFO 72 --- [main] com.zaxxer.hikari.HikariDataSource       : HikariPool-2 - Starting...
2025-07-01T18:14:07.052+05:30  INFO 72 --- [main] com.zaxxer.hikari.pool.HikariPool        : HikariPool-2 - Added connection com.mysql.cj.jdbc.ConnectionImpl@57999175
2025-07-01T18:14:07.054+05:30  INFO 72 --- [main] com.zaxxer.hikari.HikariDataSource       : HikariPool-2 - Start completed.
2025-07-01T18:14:07.117+05:30  WARN 72 --- [main] org.hibernate.orm.deprecation            : HHH90000025: MySQLDialect does not need to be specified explicitly using 'hibernate.dialect' (remove the property setting and it will be selected by default)
2025-07-01T18:14:07.120+05:30  INFO 72 --- [main] org.hibernate.orm.connections.pooling    : HHH10001005: Database info:
	Database JDBC URL [Connecting through datasource 'HikariDataSource (HikariPool-2)']
	Database driver: undefined/unknown
	Database version: 8.0.42
	Autocommit mode: undefined/unknown
	Isolation level: undefined/unknown
	Minimum pool size: undefined/unknown
	Maximum pool size: undefined/unknown
2025-07-01T18:14:07.673+05:30  INFO 72 --- [main] o.h.e.t.j.p.i.JtaPlatformInitiator       : HHH000489: No JTA platform available (set 'hibernate.transaction.jta.platform' to enable JTA platform integration)
2025-07-01T18:14:09.823+05:30  INFO 72 --- [main] j.LocalContainerEntityManagerFactoryBean : Initialized JPA EntityManagerFactory for persistence unit 'default'
2025-07-01T18:14:10.895+05:30  INFO 72 --- [main] eAuthenticationProviderManagerConfigurer : Global AuthenticationManager configured with AuthenticationProvider bean with name authenticationProvider
2025-07-01T18:14:10.899+05:30  WARN 72 --- [main] r$InitializeUserDetailsManagerConfigurer : Global AuthenticationManager configured with an AuthenticationProvider bean. UserDetailsService beans will not be used by Spring Security for automatically configuring username/password login. Consider removing the AuthenticationProvider bean. Alternatively, consider using the UserDetailsService in a manually instantiated DaoAuthenticationProvider. If the current configuration is intentional, to turn off this warning, increase the logging level of 'org.springframework.security.config.annotation.authentication.configuration.InitializeUserDetailsBeanManagerConfigurer' to ERROR
2025-07-01T18:14:12.494+05:30  WARN 72 --- [main] JpaBaseConfiguration$JpaWebConfiguration : spring.jpa.open-in-view is enabled by default. Therefore, database queries may be performed during view rendering. Explicitly configure spring.jpa.open-in-view to disable this warning
2025-07-01T18:14:15.557+05:30  INFO 72 --- [main] c.m.s.TestService.StudentsServiceTest    : Started StudentsServiceTest in 19.793 seconds (process running for 133.475)
2025-07-01T18:14:17.586+05:30  INFO 72 --- [SpringApplicationShutdownHook] j.LocalContainerEntityManagerFactoryBean : Closing JPA EntityManagerFactory for persistence unit 'default'
2025-07-01T18:14:17.633+05:30  INFO 72 --- [SpringApplicationShutdownHook] com.zaxxer.hikari.HikariDataSource       : HikariPool-1 - Shutdown initiated...
2025-07-01T18:14:17.792+05:30  INFO 72 --- [SpringApplicationShutdownHook] com.zaxxer.hikari.HikariDataSource       : HikariPool-1 - Shutdown completed.
2025-07-01T18:14:17.806+05:30  INFO 72 --- [SpringApplicationShutdownHook] j.LocalContainerEntityManagerFactoryBean : Closing JPA EntityManagerFactory for persistence unit 'default'
2025-07-01T18:14:17.808+05:30  INFO 72 --- [SpringApplicationShutdownHook] com.zaxxer.hikari.HikariDataSource       : HikariPool-2 - Shutdown initiated...
2025-07-01T18:14:17.830+05:30  INFO 72 --- [SpringApplicationShutdownHook] com.zaxxer.hikari.HikariDataSource       : HikariPool-2 - Shutdown completed.
2025-07-01T20:03:20.830+05:30  INFO 21732 --- [main] c.m.students.StudentsApplicationTests    : Starting StudentsApplicationTests using Java 17.0.7 with PID 21732 (started by ELCOT in D:\SpringProjects\students)
2025-07-01T20:03:20.858+05:30 DEBUG 21732 --- [main] c.m.students.StudentsApplicationTests    : Running with Spring Boot v3.4.5, Spring v6.2.6
2025-07-01T20:03:20.863+05:30  INFO 21732 --- [main] c.m.students.StudentsApplicationTests    : No active profile set, falling back to 1 default profile: "default"
2025-07-01T20:03:30.994+05:30  INFO 21732 --- [main] .s.d.r.c.RepositoryConfigurationDelegate : Bootstrapping Spring Data JPA repositories in DEFAULT mode.
2025-07-01T20:03:31.450+05:30  INFO 21732 --- [main] .s.d.r.c.RepositoryConfigurationDelegate : Finished Spring Data repository scanning in 401 ms. Found 9 JPA repository interfaces.
2025-07-01T20:03:38.883+05:30  INFO 21732 --- [main] o.hibernate.jpa.internal.util.LogHelper  : HHH000204: Processing PersistenceUnitInfo [name: default]
2025-07-01T20:03:39.342+05:30  INFO 21732 --- [main] org.hibernate.Version                    : HHH000412: Hibernate ORM core version 6.6.13.Final
2025-07-01T20:03:39.606+05:30  INFO 21732 --- [main] o.h.c.internal.RegionFactoryInitiator    : HHH000026: Second-level cache disabled
2025-07-01T20:03:42.007+05:30  INFO 21732 --- [main] o.s.o.j.p.SpringPersistenceUnitInfo      : No LoadTimeWeaver setup: ignoring JPA class transformer
2025-07-01T20:03:42.348+05:30  INFO 21732 --- [main] com.zaxxer.hikari.HikariDataSource       : HikariPool-1 - Starting...
2025-07-01T20:03:44.553+05:30  INFO 21732 --- [main] com.zaxxer.hikari.pool.HikariPool        : HikariPool-1 - Added connection com.mysql.cj.jdbc.ConnectionImpl@718ad3a6
2025-07-01T20:03:44.586+05:30  INFO 21732 --- [main] com.zaxxer.hikari.HikariDataSource       : HikariPool-1 - Start completed.
2025-07-01T20:03:45.442+05:30  WARN 21732 --- [main] org.hibernate.orm.deprecation            : HHH90000025: MySQLDialect does not need to be specified explicitly using 'hibernate.dialect' (remove the property setting and it will be selected by default)
2025-07-01T20:03:45.594+05:30  INFO 21732 --- [main] org.hibernate.orm.connections.pooling    : HHH10001005: Database info:
	Database JDBC URL [Connecting through datasource 'HikariDataSource (HikariPool-1)']
	Database driver: undefined/unknown
	Database version: 8.0.42
	Autocommit mode: undefined/unknown
	Isolation level: undefined/unknown
	Minimum pool size: undefined/unknown
	Maximum pool size: undefined/unknown
2025-07-01T20:03:51.795+05:30  INFO 21732 --- [main] o.h.e.t.j.p.i.JtaPlatformInitiator       : HHH000489: No JTA platform available (set 'hibernate.transaction.jta.platform' to enable JTA platform integration)
2025-07-01T20:03:52.756+05:30  INFO 21732 --- [main] j.LocalContainerEntityManagerFactoryBean : Initialized JPA EntityManagerFactory for persistence unit 'default'
2025-07-01T20:03:55.320+05:30  INFO 21732 --- [main] eAuthenticationProviderManagerConfigurer : Global AuthenticationManager configured with AuthenticationProvider bean with name authenticationProvider
2025-07-01T20:03:55.323+05:30  WARN 21732 --- [main] r$InitializeUserDetailsManagerConfigurer : Global AuthenticationManager configured with an AuthenticationProvider bean. UserDetailsService beans will not be used by Spring Security for automatically configuring username/password login. Consider removing the AuthenticationProvider bean. Alternatively, consider using the UserDetailsService in a manually instantiated DaoAuthenticationProvider. If the current configuration is intentional, to turn off this warning, increase the logging level of 'org.springframework.security.config.annotation.authentication.configuration.InitializeUserDetailsBeanManagerConfigurer' to ERROR
2025-07-01T20:03:57.575+05:30  WARN 21732 --- [main] JpaBaseConfiguration$JpaWebConfiguration : spring.jpa.open-in-view is enabled by default. Therefore, database queries may be performed during view rendering. Explicitly configure spring.jpa.open-in-view to disable this warning
2025-07-01T20:04:04.094+05:30  INFO 21732 --- [main] c.m.students.StudentsApplicationTests    : Started StudentsApplicationTests in 45.654 seconds (process running for 53.809)
2025-07-01T20:04:17.792+05:30  INFO 21732 --- [main] t.c.s.AnnotationConfigContextLoaderUtils : Could not detect default configuration classes for test class [com.management.students.TestService.StudentsServiceTest]: StudentsServiceTest does not declare any static, non-private, non-final, nested classes annotated with @Configuration.
2025-07-01T20:04:17.884+05:30  INFO 21732 --- [main] .b.t.c.SpringBootTestContextBootstrapper : Found @SpringBootConfiguration com.management.students.StudentsApplication for test class com.management.students.TestService.StudentsServiceTest
2025-07-01T20:04:17.914+05:30  INFO 21732 --- [main] o.s.b.d.r.RestartApplicationListener     : Restart disabled due to context in which it is running
2025-07-01T20:04:18.053+05:30  INFO 21732 --- [main] c.m.s.TestService.StudentsServiceTest    : Starting StudentsServiceTest using Java 17.0.7 with PID 21732 (started by ELCOT in D:\SpringProjects\students)
2025-07-01T20:04:18.055+05:30 DEBUG 21732 --- [main] c.m.s.TestService.StudentsServiceTest    : Running with Spring Boot v3.4.5, Spring v6.2.6
2025-07-01T20:04:18.058+05:30  INFO 21732 --- [main] c.m.s.TestService.StudentsServiceTest    : No active profile set, falling back to 1 default profile: "default"
2025-07-01T20:04:21.242+05:30  INFO 21732 --- [main] .s.d.r.c.RepositoryConfigurationDelegate : Bootstrapping Spring Data JPA repositories in DEFAULT mode.
2025-07-01T20:04:21.347+05:30  INFO 21732 --- [main] .s.d.r.c.RepositoryConfigurationDelegate : Finished Spring Data repository scanning in 100 ms. Found 9 JPA repository interfaces.
2025-07-01T20:04:25.440+05:30  INFO 21732 --- [main] o.hibernate.jpa.internal.util.LogHelper  : HHH000204: Processing PersistenceUnitInfo [name: default]
2025-07-01T20:04:25.487+05:30  INFO 21732 --- [main] o.h.c.internal.RegionFactoryInitiator    : HHH000026: Second-level cache disabled
2025-07-01T20:04:25.679+05:30  INFO 21732 --- [main] o.s.o.j.p.SpringPersistenceUnitInfo      : No LoadTimeWeaver setup: ignoring JPA class transformer
2025-07-01T20:04:25.685+05:30  INFO 21732 --- [main] com.zaxxer.hikari.HikariDataSource       : HikariPool-2 - Starting...
2025-07-01T20:04:26.008+05:30  INFO 21732 --- [main] com.zaxxer.hikari.pool.HikariPool        : HikariPool-2 - Added connection com.mysql.cj.jdbc.ConnectionImpl@435d648d
2025-07-01T20:04:26.010+05:30  INFO 21732 --- [main] com.zaxxer.hikari.HikariDataSource       : HikariPool-2 - Start completed.
2025-07-01T20:04:26.033+05:30  WARN 21732 --- [main] org.hibernate.orm.deprecation            : HHH90000025: MySQLDialect does not need to be specified explicitly using 'hibernate.dialect' (remove the property setting and it will be selected by default)
2025-07-01T20:04:26.035+05:30  INFO 21732 --- [main] org.hibernate.orm.connections.pooling    : HHH10001005: Database info:
	Database JDBC URL [Connecting through datasource 'HikariDataSource (HikariPool-2)']
	Database driver: undefined/unknown
	Database version: 8.0.42
	Autocommit mode: undefined/unknown
	Isolation level: undefined/unknown
	Minimum pool size: undefined/unknown
	Maximum pool size: undefined/unknown
2025-07-01T20:04:28.053+05:30  INFO 21732 --- [main] o.h.e.t.j.p.i.JtaPlatformInitiator       : HHH000489: No JTA platform available (set 'hibernate.transaction.jta.platform' to enable JTA platform integration)
2025-07-01T20:04:28.899+05:30  INFO 21732 --- [main] j.LocalContainerEntityManagerFactoryBean : Initialized JPA EntityManagerFactory for persistence unit 'default'
2025-07-01T20:04:30.365+05:30  INFO 21732 --- [main] eAuthenticationProviderManagerConfigurer : Global AuthenticationManager configured with AuthenticationProvider bean with name authenticationProvider
2025-07-01T20:04:30.369+05:30  WARN 21732 --- [main] r$InitializeUserDetailsManagerConfigurer : Global AuthenticationManager configured with an AuthenticationProvider bean. UserDetailsService beans will not be used by Spring Security for automatically configuring username/password login. Consider removing the AuthenticationProvider bean. Alternatively, consider using the UserDetailsService in a manually instantiated DaoAuthenticationProvider. If the current configuration is intentional, to turn off this warning, increase the logging level of 'org.springframework.security.config.annotation.authentication.configuration.InitializeUserDetailsBeanManagerConfigurer' to ERROR
2025-07-01T20:04:32.626+05:30  WARN 21732 --- [main] JpaBaseConfiguration$JpaWebConfiguration : spring.jpa.open-in-view is enabled by default. Therefore, database queries may be performed during view rendering. Explicitly configure spring.jpa.open-in-view to disable this warning
2025-07-01T20:04:36.433+05:30  INFO 21732 --- [main] c.m.s.TestService.StudentsServiceTest    : Started StudentsServiceTest in 18.52 seconds (process running for 86.149)
2025-07-01T20:04:39.746+05:30  INFO 21732 --- [SpringApplicationShutdownHook] j.LocalContainerEntityManagerFactoryBean : Closing JPA EntityManagerFactory for persistence unit 'default'
2025-07-01T20:04:39.764+05:30  INFO 21732 --- [SpringApplicationShutdownHook] com.zaxxer.hikari.HikariDataSource       : HikariPool-1 - Shutdown initiated...
2025-07-01T20:04:39.867+05:30  INFO 21732 --- [SpringApplicationShutdownHook] com.zaxxer.hikari.HikariDataSource       : HikariPool-1 - Shutdown completed.
2025-07-01T20:04:39.910+05:30  INFO 21732 --- [SpringApplicationShutdownHook] j.LocalContainerEntityManagerFactoryBean : Closing JPA EntityManagerFactory for persistence unit 'default'
2025-07-01T20:04:39.913+05:30  INFO 21732 --- [SpringApplicationShutdownHook] com.zaxxer.hikari.HikariDataSource       : HikariPool-2 - Shutdown initiated...
2025-07-01T20:04:39.946+05:30  INFO 21732 --- [SpringApplicationShutdownHook] com.zaxxer.hikari.HikariDataSource       : HikariPool-2 - Shutdown completed.
